
1 Scenarios (1 undefined)
9 Steps (9 undefined)
0m0.000s


You can implement missing steps with the snippets below:

@Given("^user perform action \"([^\"]*)\"on element \"([^\"]*)\"$")
public void user_perform_action_on_element(String arg1, String arg2) throws Throwable {
    // Write code here that turns the phrase above into concrete actions
    throw new PendingException();
}


1 Scenarios (1 undefined)
9 Steps (9 undefined)
0m0.000s


You can implement missing steps with the snippets below:

@Given("^user perform action \"([^\"]*)\"on element \"([^\"]*)\"$")
public void user_perform_action_on_element(String arg1, String arg2) throws Throwable {
    // Write code here that turns the phrase above into concrete actions
    throw new PendingException();
}


1 Scenarios (1 undefined)
9 Steps (9 undefined)
0m0.000s


You can implement missing steps with the snippets below:

@Given("^\"([^\"]*)\"on element \"([^\"]*)\"$")
public void on_element(String arg1, String arg2) throws Throwable {
    // Write code here that turns the phrase above into concrete actions
    throw new PendingException();
}

